<?xml version="1.0" encoding="UTF-8"?>
<!-- Generated by org.testng.reporters.JUnitReportReporter -->
<testsuite hostname="DESKTOP-N9112CN" failures="0" tests="5" name="runner.TestRunner" time="27.141" errors="0" timestamp="2026-05-28T17:19:46 IST" skipped="0">
  <testcase classname="runner.TestRunner" name="runScenario" time="4.899"/>
  <testcase classname="runner.TestRunner" name="runScenario" time="4.198"/>
  <testcase classname="runner.TestRunner" name="runScenario" time="6.904"/>
  <testcase classname="runner.TestRunner" name="runScenario" time="4.444"/>
  <testcase classname="runner.TestRunner" name="runScenario" time="6.696"/>
</testsuite> <!-- runner.TestRunner -->
