<?xml version="1.0" encoding="UTF-8"?>
<!-- Generated by org.testng.reporters.JUnitReportReporter -->
<testsuite hostname="DESKTOP-N9112CN" failures="0" tests="5" name="runner.TestRunner" time="26.047" errors="0" timestamp="2026-05-31T12:31:28 IST" skipped="0">
  <testcase classname="runner.TestRunner" name="runScenario" time="5.075"/>
  <testcase classname="runner.TestRunner" name="runScenario" time="4.591"/>
  <testcase classname="runner.TestRunner" name="runScenario" time="4.779"/>
  <testcase classname="runner.TestRunner" name="runScenario" time="3.818"/>
  <testcase classname="runner.TestRunner" name="runScenario" time="7.784"/>
</testsuite> <!-- runner.TestRunner -->
