<?xml version="1.0" encoding="UTF-8"?>
<!-- Generated by org.testng.reporters.JUnitReportReporter -->
<testsuite hostname="DESKTOP-N9112CN" failures="0" tests="5" name="runner.TestRunner" time="31.965" errors="0" timestamp="2026-05-28T17:30:42 IST" skipped="0">
  <testcase classname="runner.TestRunner" name="runScenario" time="8.162"/>
  <testcase classname="runner.TestRunner" name="runScenario" time="5.120"/>
  <testcase classname="runner.TestRunner" name="runScenario" time="9.364"/>
  <testcase classname="runner.TestRunner" name="runScenario" time="4.288"/>
  <testcase classname="runner.TestRunner" name="runScenario" time="5.031"/>
</testsuite> <!-- runner.TestRunner -->
